{"level":"\u001b[32minfo\u001b[39m","message":"{\"method\":\"GET\",\"url\":\"/\",\"status\":\"404\",\"responseTime\":\"10.840\"}","timestamp":"2024-08-26T15:07:03.503Z"}
{"level":"\u001b[32minfo\u001b[39m","message":"{\"method\":\"POST\",\"url\":\"/api/teacher/register\",\"status\":\"500\",\"responseTime\":\"9.273\"}","timestamp":"2024-08-26T15:11:30.038Z"}
{"level":"\u001b[32minfo\u001b[39m","message":"{\"method\":\"POST\",\"url\":\"/api/teacher/register\",\"status\":\"500\",\"responseTime\":\"3.152\"}","timestamp":"2024-08-26T15:13:26.021Z"}
{"level":"\u001b[32minfo\u001b[39m","message":"{\"method\":\"POST\",\"url\":\"/api/teacher/register\",\"status\":\"500\",\"responseTime\":\"20.636\"}","timestamp":"2024-08-26T15:16:37.479Z"}
{"level":"\u001b[32minfo\u001b[39m","message":"{\"method\":\"POST\",\"url\":\"/api/teacher/register\",\"status\":\"500\",\"responseTime\":\"22.523\"}","timestamp":"2024-08-26T15:18:28.539Z"}
{"level":"\u001b[32minfo\u001b[39m","message":"{\"method\":\"POST\",\"url\":\"/api/teacher/register\",\"status\":\"500\",\"responseTime\":\"20.548\"}","timestamp":"2024-08-26T15:19:55.557Z"}
{"level":"\u001b[32minfo\u001b[39m","message":"{\"method\":\"POST\",\"url\":\"/api/teacher/register\",\"status\":\"500\",\"responseTime\":\"2.152\"}","timestamp":"2024-08-26T15:20:56.053Z"}
{"level":"\u001b[32minfo\u001b[39m","message":"{\"method\":\"POST\",\"url\":\"/api/teacher/register\",\"status\":\"201\",\"responseTime\":\"344.301\"}","timestamp":"2024-08-26T15:22:26.798Z"}
{"level":"\u001b[32minfo\u001b[39m","message":"{\"method\":\"POST\",\"url\":\"/api/teacher/login\",\"status\":\"400\",\"responseTime\":\"521.573\"}","timestamp":"2024-08-26T15:35:53.090Z"}
{"level":"\u001b[32minfo\u001b[39m","message":"{\"method\":\"POST\",\"url\":\"/api/teacher/login\",\"status\":\"200\",\"responseTime\":\"580.568\"}","timestamp":"2024-08-26T15:36:39.630Z"}
{"level":"\u001b[32minfo\u001b[39m","message":"{\"method\":\"POST\",\"url\":\"/api/student/register\",\"status\":\"500\",\"responseTime\":\"78.394\"}","timestamp":"2024-08-26T17:06:19.082Z"}
{"level":"\u001b[32minfo\u001b[39m","message":"{\"method\":\"POST\",\"url\":\"/api/student/register\",\"status\":\"500\",\"responseTime\":\"69.794\"}","timestamp":"2024-08-26T17:07:07.047Z"}
{"level":"\u001b[32minfo\u001b[39m","message":"{\"method\":\"POST\",\"url\":\"/api/student/register\",\"status\":\"201\",\"responseTime\":\"576.737\"}","timestamp":"2024-08-26T17:07:25.083Z"}
{"level":"\u001b[32minfo\u001b[39m","message":"{\"method\":\"POST\",\"url\":\"/api/student/login\",\"status\":\"200\",\"responseTime\":\"438.316\"}","timestamp":"2024-08-26T17:09:05.471Z"}
{"level":"\u001b[32minfo\u001b[39m","message":"{\"method\":\"POST\",\"url\":\"/api/teacher/course\",\"status\":\"500\",\"responseTime\":\"10.564\"}","timestamp":"2024-08-26T17:36:28.303Z"}
{"level":"\u001b[32minfo\u001b[39m","message":"{\"method\":\"POST\",\"url\":\"/api/teacher/course\",\"status\":\"500\",\"responseTime\":\"12.734\"}","timestamp":"2024-08-26T17:37:40.886Z"}
{"level":"\u001b[32minfo\u001b[39m","message":"{\"method\":\"POST\",\"url\":\"/api/teacher/course\",\"status\":\"201\",\"responseTime\":\"300.982\"}","timestamp":"2024-08-26T17:38:27.767Z"}
{"level":"\u001b[32minfo\u001b[39m","message":"{\"method\":\"POST\",\"url\":\"/api/teacher/login\",\"status\":\"200\",\"responseTime\":\"477.587\"}","timestamp":"2024-08-27T06:39:06.411Z"}
{"level":"\u001b[32minfo\u001b[39m","message":"{\"method\":\"POST\",\"url\":\"/api/student/login\",\"status\":\"200\",\"responseTime\":\"393.589\"}","timestamp":"2024-08-27T06:45:47.435Z"}
{"level":"\u001b[32minfo\u001b[39m","message":"{\"method\":\"POST\",\"url\":\"/api/teacher/createAssessment\",\"status\":\"404\",\"responseTime\":\"2.123\"}","timestamp":"2024-08-27T06:48:24.221Z"}
{"level":"\u001b[32minfo\u001b[39m","message":"{\"method\":\"POST\",\"url\":\"/api/teacher/assessment\",\"status\":\"500\",\"responseTime\":\"7.451\"}","timestamp":"2024-08-27T06:48:43.079Z"}
{"level":"\u001b[32minfo\u001b[39m","message":"{\"method\":\"POST\",\"url\":\"/api/teacher/assessment\",\"status\":\"500\",\"responseTime\":\"22.718\"}","timestamp":"2024-08-27T06:49:57.951Z"}
{"level":"\u001b[32minfo\u001b[39m","message":"{\"method\":\"POST\",\"url\":\"/api/teacher/assessment\",\"status\":\"201\",\"responseTime\":\"328.281\"}","timestamp":"2024-08-27T06:51:12.746Z"}
{"level":"\u001b[32minfo\u001b[39m","message":"{\"method\":\"POST\",\"url\":\"/api/teacher/assessment\",\"status\":\"201\",\"responseTime\":\"389.524\"}","timestamp":"2024-08-27T06:55:20.941Z"}
{"level":"\u001b[32minfo\u001b[39m","message":"{\"method\":\"POST\",\"url\":\"/api/teacher/assessment\",\"status\":\"500\",\"responseTime\":\"50.704\"}","timestamp":"2024-08-27T07:51:26.359Z"}
{"level":"\u001b[32minfo\u001b[39m","message":"{\"method\":\"POST\",\"url\":\"/api/teacher/assessment\",\"status\":\"201\",\"responseTime\":\"373.937\"}","timestamp":"2024-08-27T07:51:57.880Z"}
{"level":"\u001b[32minfo\u001b[39m","message":"{\"method\":\"PUT\",\"url\":\"/api/teacher/assessment/66ccbd933d52da8dffc557f2/addresource\",\"status\":\"403\",\"responseTime\":\"4.182\"}","timestamp":"2024-08-27T08:20:49.768Z"}
{"level":"\u001b[32minfo\u001b[39m","message":"{\"method\":\"PUT\",\"url\":\"/api/teacher/assessment/66ccbd933d52da8dffc557f2/addresource\",\"status\":\"500\",\"responseTime\":\"390.860\"}","timestamp":"2024-08-27T08:21:31.716Z"}
{"level":"\u001b[32minfo\u001b[39m","message":"{\"method\":\"PUT\",\"url\":\"/api/teacher/assessment/66ccbd933d52da8dffc557f2/addresource\",\"status\":\"500\",\"responseTime\":\"349.530\"}","timestamp":"2024-08-27T08:21:53.234Z"}
{"level":"\u001b[32minfo\u001b[39m","message":"{\"method\":\"PUT\",\"url\":\"/api/teacher/assessment/66cd859d6be2b0a7bb9c4595/addresource\",\"status\":\"200\",\"responseTime\":\"910.957\"}","timestamp":"2024-08-27T08:26:38.562Z"}
{"level":"\u001b[32minfo\u001b[39m","message":"{\"method\":\"POST\",\"url\":\"/api/teacher/assessment/66cc9db2aba73b79043c5628\",\"status\":\"404\",\"responseTime\":\"312.382\"}","timestamp":"2024-08-27T10:33:53.491Z"}
{"level":"\u001b[32minfo\u001b[39m","message":"{\"method\":\"POST\",\"url\":\"/api/teacher/assessment/66cc9db2aba73b79043c5628\",\"status\":\"201\",\"responseTime\":\"682.886\"}","timestamp":"2024-08-27T10:37:13.574Z"}
{"level":"\u001b[32minfo\u001b[39m","message":"{\"method\":\"PUT\",\"url\":\"/api/teacher/assessment/66cd859d6be2b0a7bb9c4595/addresource\",\"status\":\"404\",\"responseTime\":\"669.807\"}","timestamp":"2024-08-27T10:47:44.944Z"}
{"level":"\u001b[32minfo\u001b[39m","message":"{\"method\":\"PUT\",\"url\":\"/api/teacher/assessment/66cdac591b6721cf59dc5098/addresource\",\"status\":\"200\",\"responseTime\":\"865.943\"}","timestamp":"2024-08-27T10:48:18.545Z"}
{"level":"\u001b[32minfo\u001b[39m","message":"{\"method\":\"GET\",\"url\":\"/api/teacher/assessment/66cc9db2aba73b79043c5628/getassessment\",\"status\":\"403\",\"responseTime\":\"1.011\"}","timestamp":"2024-08-27T10:50:57.141Z"}
{"level":"\u001b[32minfo\u001b[39m","message":"{\"method\":\"GET\",\"url\":\"/api/teacher/assessment/66cc9db2aba73b79043c5628/getassessment\",\"status\":\"200\",\"responseTime\":\"283.238\"}","timestamp":"2024-08-27T10:51:34.140Z"}
{"level":"\u001b[32minfo\u001b[39m","message":"{\"method\":\"GET\",\"url\":\"/api/teacher/assessment/66cc9db2aba73b79043c5628/getassessment\",\"status\":\"500\",\"responseTime\":\"291.852\"}","timestamp":"2024-08-27T10:55:09.125Z"}
{"level":"\u001b[32minfo\u001b[39m","message":"{\"method\":\"GET\",\"url\":\"/api/teacher/assessment/66cc9db2aba73b79043c5628/getassessment\",\"status\":\"500\",\"responseTime\":\"321.870\"}","timestamp":"2024-08-27T10:57:09.171Z"}
{"level":"\u001b[32minfo\u001b[39m","message":"{\"method\":\"GET\",\"url\":\"/api/teacher/assessment/66cc9db2aba73b79043c5628/getassessment\",\"status\":\"500\",\"responseTime\":\"333.446\"}","timestamp":"2024-08-27T10:58:21.008Z"}
{"level":"\u001b[32minfo\u001b[39m","message":"{\"method\":\"GET\",\"url\":\"/api/teacher/assessment/66cc9db2aba73b79043c5628/getassessment\",\"status\":\"500\",\"responseTime\":\"19.677\"}","timestamp":"2024-08-27T11:01:59.596Z"}
{"level":"\u001b[32minfo\u001b[39m","message":"{\"method\":\"GET\",\"url\":\"/api/teacher/assessment/66cc9db2aba73b79043c5628/getassessment\",\"status\":\"500\",\"responseTime\":\"13.868\"}","timestamp":"2024-08-27T11:11:43.506Z"}
{"level":"\u001b[32minfo\u001b[39m","message":"{\"method\":\"GET\",\"url\":\"/api/teacher/assessment/66cc9db2aba73b79043c5628/getassessment\",\"status\":\"500\",\"responseTime\":\"17.196\"}","timestamp":"2024-08-27T11:14:21.839Z"}
{"level":"\u001b[32minfo\u001b[39m","message":"{\"method\":\"GET\",\"url\":\"/api/teacher/assessment/66cdac591b6721cf59dc5098/getassessment\",\"status\":\"500\",\"responseTime\":\"18.413\"}","timestamp":"2024-08-27T11:17:52.900Z"}
{"level":"\u001b[32minfo\u001b[39m","message":"{\"method\":\"GET\",\"url\":\"/api/teacher/assessment/66cdac591b6721cf59dc5098/get/66cdac591b6721cf59dc5098\",\"status\":\"500\",\"responseTime\":\"15.224\"}","timestamp":"2024-08-27T11:22:28.521Z"}
{"level":"\u001b[32minfo\u001b[39m","message":"{\"method\":\"GET\",\"url\":\"/api/teacher/assessment/66cdac591b6721cf59dc5098/get/66cdac591b6721cf59dc5098\",\"status\":\"500\",\"responseTime\":\"13.541\"}","timestamp":"2024-08-27T11:23:07.151Z"}
{"level":"\u001b[32minfo\u001b[39m","message":"{\"method\":\"GET\",\"url\":\"/api/teacher/assessment/66cdac591b6721cf59dc5098/get/66cdac591b6721cf59dc5098\",\"status\":\"500\",\"responseTime\":\"14.070\"}","timestamp":"2024-08-27T11:24:13.979Z"}
{"level":"\u001b[32minfo\u001b[39m","message":"{\"method\":\"GET\",\"url\":\"/api/teacher/assessment/66cdac591b6721cf59dc5098/getassessment\",\"status\":\"404\",\"responseTime\":\"375.940\"}","timestamp":"2024-08-27T11:33:36.741Z"}
{"level":"\u001b[32minfo\u001b[39m","message":"{\"method\":\"GET\",\"url\":\"/api/teacher/assessment/66cc9db2aba73b79043c5628/getassessment\",\"status\":\"500\",\"responseTime\":\"759.826\"}","timestamp":"2024-08-27T11:34:46.016Z"}
{"level":"\u001b[32minfo\u001b[39m","message":"{\"method\":\"GET\",\"url\":\"/api/teacher/assessment/66cc9db2aba73b79043c5628/getassessment\",\"status\":\"200\",\"responseTime\":\"1039.393\"}","timestamp":"2024-08-27T11:37:43.014Z"}
{"level":"\u001b[32minfo\u001b[39m","message":"{\"method\":\"POST\",\"url\":\"/api/teacher/assessment/createQuestion\",\"status\":\"500\",\"responseTime\":\"45.557\"}","timestamp":"2024-08-27T14:20:42.242Z"}
{"level":"\u001b[32minfo\u001b[39m","message":"{\"method\":\"POST\",\"url\":\"/api/teacher/assessment/createQuestion\",\"status\":\"500\",\"responseTime\":\"102.027\"}","timestamp":"2024-08-27T14:25:57.388Z"}
{"level":"\u001b[32minfo\u001b[39m","message":"{\"method\":\"POST\",\"url\":\"/api/teacher/assessment/createQuestion\",\"status\":\"500\",\"responseTime\":\"4.832\"}","timestamp":"2024-08-27T14:27:49.769Z"}
{"level":"\u001b[32minfo\u001b[39m","message":"{\"method\":\"POST\",\"url\":\"/api/teacher/assessment/createQuestion\",\"status\":\"500\",\"responseTime\":\"8.443\"}","timestamp":"2024-08-27T14:31:18.590Z"}
{"level":"\u001b[32minfo\u001b[39m","message":"{\"method\":\"POST\",\"url\":\"/api/teacher/assessment/createQuestion\",\"status\":\"500\",\"responseTime\":\"4.240\"}","timestamp":"2024-08-27T14:31:58.930Z"}
{"level":"\u001b[32minfo\u001b[39m","message":"{\"method\":\"POST\",\"url\":\"/api/teacher/assessment/createQuestion\",\"status\":\"500\",\"responseTime\":\"38.105\"}","timestamp":"2024-08-27T14:33:16.011Z"}
{"level":"\u001b[32minfo\u001b[39m","message":"{\"method\":\"POST\",\"url\":\"/api/teacher/assessment/createQuestion\",\"status\":\"500\",\"responseTime\":\"28.471\"}","timestamp":"2024-08-27T14:34:07.466Z"}
{"level":"\u001b[32minfo\u001b[39m","message":"{\"method\":\"POST\",\"url\":\"/api/teacher/assessment/createQuestion\",\"status\":\"500\",\"responseTime\":\"4.587\"}","timestamp":"2024-08-27T14:37:03.578Z"}
{"level":"\u001b[32minfo\u001b[39m","message":"{\"method\":\"POST\",\"url\":\"/api/teacher/assessment/createQuestion\",\"status\":\"500\",\"responseTime\":\"29.348\"}","timestamp":"2024-08-27T14:38:11.051Z"}
{"level":"\u001b[32minfo\u001b[39m","message":"{\"method\":\"POST\",\"url\":\"/api/teacher/assessment/createQuestion\",\"status\":\"500\",\"responseTime\":\"31.142\"}","timestamp":"2024-08-27T14:46:21.739Z"}
{"level":"\u001b[32minfo\u001b[39m","message":"{\"method\":\"GET\",\"url\":\"/api/teacher/assessment/66cc9db2aba73b79043c5628/getassessment\",\"status\":\"200\",\"responseTime\":\"19844.417\"}","timestamp":"2024-08-27T14:58:54.849Z"}
{"level":"\u001b[32minfo\u001b[39m","message":"{\"method\":\"GET\",\"url\":\"/api/teacher/assessment/66cc9db2aba73b79043c5628/getassessment\",\"status\":\"200\",\"responseTime\":\"1889.032\"}","timestamp":"2024-08-27T14:58:57.897Z"}
{"level":"\u001b[32minfo\u001b[39m","message":"{\"method\":\"GET\",\"url\":\"/api/teacher/assessment/66cc9db2aba73b79043c5628/getassessment\",\"status\":\"200\",\"responseTime\":\"3370.330\"}","timestamp":"2024-08-27T14:59:09.012Z"}
{"level":"\u001b[32minfo\u001b[39m","message":"{\"method\":\"POST\",\"url\":\"/api/teacher/assessment/createQuestion\",\"status\":\"500\",\"responseTime\":\"31.115\"}","timestamp":"2024-08-27T15:01:11.262Z"}
{"level":"\u001b[32minfo\u001b[39m","message":"{\"method\":\"POST\",\"url\":\"/api/teacher/assessment/createQuestion\",\"status\":\"500\",\"responseTime\":\"51.195\"}","timestamp":"2024-08-27T15:03:34.390Z"}
{"level":"\u001b[32minfo\u001b[39m","message":"{\"method\":\"POST\",\"url\":\"/api/teacher/assessment/createQuestion\",\"status\":\"500\",\"responseTime\":\"33.451\"}","timestamp":"2024-08-27T15:10:34.088Z"}
{"level":"\u001b[32minfo\u001b[39m","message":"{\"method\":\"POST\",\"url\":\"/api/teacher/assessment/createQuestion\",\"status\":\"500\",\"responseTime\":\"30.189\"}","timestamp":"2024-08-27T15:12:32.629Z"}
{"level":"\u001b[32minfo\u001b[39m","message":"{\"method\":\"POST\",\"url\":\"/api/teacher/assessment/createQuestion\",\"status\":\"500\",\"responseTime\":\"32.513\"}","timestamp":"2024-08-27T15:16:08.282Z"}
{"level":"\u001b[32minfo\u001b[39m","message":"{\"method\":\"POST\",\"url\":\"/api/teacher/assessment/createQuestion\",\"status\":\"500\",\"responseTime\":\"26.758\"}","timestamp":"2024-08-27T15:17:33.260Z"}
{"level":"\u001b[32minfo\u001b[39m","message":"{\"method\":\"POST\",\"url\":\"/api/teacher/assessment/createQuestion\",\"status\":\"500\",\"responseTime\":\"56.268\"}","timestamp":"2024-08-27T15:21:00.837Z"}
{"level":"\u001b[32minfo\u001b[39m","message":"{\"method\":\"POST\",\"url\":\"/api/teacher/assessment/createQuestion\",\"status\":\"500\",\"responseTime\":\"11.231\"}","timestamp":"2024-08-27T15:22:52.895Z"}
{"level":"\u001b[32minfo\u001b[39m","message":"{\"method\":\"PUT\",\"url\":\"/api/teacher/assessment/66cdac591b6721cf59dc5098/update\",\"status\":\"200\",\"responseTime\":\"339.256\"}","timestamp":"2024-08-27T18:02:53.003Z"}
{"level":"\u001b[32minfo\u001b[39m","message":"{\"method\":\"POST\",\"url\":\"/api/teacher/assessment/66cc9db2aba73b79043c5628\",\"status\":\"201\",\"responseTime\":\"652.373\"}","timestamp":"2024-08-27T18:03:57.971Z"}
{"level":"\u001b[32minfo\u001b[39m","message":"{\"method\":\"DELETE\",\"url\":\"/api/teacher/assessment/66ce150d99058e4b40267485/delete\",\"status\":\"200\",\"responseTime\":\"290.178\"}","timestamp":"2024-08-27T18:44:56.866Z"}
{"level":"\u001b[32minfo\u001b[39m","message":"{\"method\":\"GET\",\"url\":\"/api/teacher/assessment/66cc9db2aba73b79043c5628/getassessment\",\"status\":\"200\",\"responseTime\":\"815.240\"}","timestamp":"2024-08-27T18:45:29.061Z"}
{"level":"\u001b[32minfo\u001b[39m","message":"{\"method\":\"POST\",\"url\":\"/api/teacher/assessment/66cc9db2aba73b79043c5628\",\"status\":\"201\",\"responseTime\":\"1218.881\"}","timestamp":"2024-08-27T18:45:56.896Z"}
{"level":"\u001b[32minfo\u001b[39m","message":"{\"method\":\"GET\",\"url\":\"/api/teacher/assessment/66cc9db2aba73b79043c5628/getassessment\",\"status\":\"200\",\"responseTime\":\"957.904\"}","timestamp":"2024-08-27T18:46:14.101Z"}
{"level":"\u001b[32minfo\u001b[39m","message":"{\"method\":\"GET\",\"url\":\"/api/teacher/assessment/66ccb64cf437e059b79bb572\",\"status\":\"404\",\"responseTime\":\"7.149\"}","timestamp":"2024-08-27T19:17:38.092Z"}
{"level":"\u001b[32minfo\u001b[39m","message":"{\"method\":\"GET\",\"url\":\"/api/teacher/assessment/66cc9db2aba73b79043c5628/getassessment\",\"status\":\"200\",\"responseTime\":\"923.906\"}","timestamp":"2024-08-27T19:18:22.288Z"}
{"level":"\u001b[32minfo\u001b[39m","message":"{\"method\":\"GET\",\"url\":\"/api/student/assessment/66ccb64cf437e059b79bb572\",\"status\":\"500\",\"responseTime\":\"1.155\"}","timestamp":"2024-08-27T19:19:12.100Z"}
{"level":"\u001b[32minfo\u001b[39m","message":"{\"method\":\"POST\",\"url\":\"/api/student/login\",\"status\":\"200\",\"responseTime\":\"401.811\"}","timestamp":"2024-08-27T19:19:22.526Z"}
{"level":"\u001b[32minfo\u001b[39m","message":"{\"method\":\"GET\",\"url\":\"/api/student/assessment/66ccb64cf437e059b79bb572\",\"status\":\"500\",\"responseTime\":\"323.388\"}","timestamp":"2024-08-27T19:19:44.298Z"}
{"level":"\u001b[32minfo\u001b[39m","message":"{\"method\":\"GET\",\"url\":\"/api/student/assessment/66ccb64cf437e059b79bb572\",\"status\":\"500\",\"responseTime\":\"553.403\"}","timestamp":"2024-08-27T19:24:31.953Z"}
{"level":"\u001b[32minfo\u001b[39m","message":"{\"method\":\"GET\",\"url\":\"/api/student/assessment/visibility/66ccb64cf437e059b79bb572\",\"status\":\"404\",\"responseTime\":\"274.582\"}","timestamp":"2024-08-27T19:28:13.458Z"}
{"level":"\u001b[32minfo\u001b[39m","message":"{\"method\":\"POST\",\"url\":\"/api/student/register\",\"status\":\"201\",\"responseTime\":\"585.673\"}","timestamp":"2024-08-27T19:33:22.430Z"}
{"level":"\u001b[32minfo\u001b[39m","message":"{\"method\":\"PUT\",\"url\":\"/api/teacher/assessment/66cdac591b6721cf59dc5098/update\",\"status\":\"200\",\"responseTime\":\"323.563\"}","timestamp":"2024-08-27T19:37:59.942Z"}
{"level":"\u001b[32minfo\u001b[39m","message":"{\"method\":\"GET\",\"url\":\"/api/student/assessment/visibility/66ccb64cf437e059b79bb572\",\"status\":\"500\",\"responseTime\":\"9.761\"}","timestamp":"2024-08-27T19:39:26.320Z"}
{"level":"\u001b[32minfo\u001b[39m","message":"{\"method\":\"GET\",\"url\":\"/api/student/assessment/visibility/66ccb64cf437e059b79bb572\",\"status\":\"404\",\"responseTime\":\"278.371\"}","timestamp":"2024-08-27T19:39:53.380Z"}
{"level":"\u001b[32minfo\u001b[39m","message":"{\"method\":\"GET\",\"url\":\"/api/student/assessment/visibility/66ccb64cf437e059b79bb572\",\"status\":\"404\",\"responseTime\":\"382.368\"}","timestamp":"2024-08-27T19:40:36.211Z"}
{"level":"\u001b[32minfo\u001b[39m","message":"{\"method\":\"GET\",\"url\":\"/api/student/assessment/visibility/66ccb64cf437e059b79bb572\",\"status\":\"404\",\"responseTime\":\"513.256\"}","timestamp":"2024-08-27T19:40:52.590Z"}
{"level":"\u001b[32minfo\u001b[39m","message":"{\"method\":\"GET\",\"url\":\"/api/student/assessment/visibility/66ccb64cf437e059b79bb572\",\"status\":\"500\",\"responseTime\":\"8.211\"}","timestamp":"2024-08-27T19:43:03.182Z"}
{"level":"\u001b[32minfo\u001b[39m","message":"{\"method\":\"GET\",\"url\":\"/api/student/assessment/visibility/66ccb64cf437e059b79bb572\",\"status\":\"404\",\"responseTime\":\"341.109\"}","timestamp":"2024-08-27T19:43:36.539Z"}
{"level":"\u001b[32minfo\u001b[39m","message":"{\"method\":\"GET\",\"url\":\"/api/student/assessment/visibility/66ccb64cf437e059b79bb572\",\"status\":\"200\",\"responseTime\":\"293.700\"}","timestamp":"2024-08-27T19:44:21.755Z"}
{"level":"\u001b[32minfo\u001b[39m","message":"{\"method\":\"GET\",\"url\":\"/api/student/assessment/visibility/66ccb64cf437e059b79bb572\",\"status\":\"200\",\"responseTime\":\"301.675\"}","timestamp":"2024-08-28T06:25:36.778Z"}
{"level":"\u001b[32minfo\u001b[39m","message":"{\"method\":\"POST\",\"url\":\"/api/student/login\",\"status\":\"200\",\"responseTime\":\"431.927\"}","timestamp":"2024-08-28T06:27:18.634Z"}
{"level":"\u001b[32minfo\u001b[39m","message":"{\"method\":\"GET\",\"url\":\"/api/student/assessment/overdue\",\"status\":\"404\",\"responseTime\":\"379.608\"}","timestamp":"2024-08-28T06:30:34.898Z"}
{"level":"\u001b[32minfo\u001b[39m","message":"{\"method\":\"GET\",\"url\":\"/api/student/assessment/overdue\",\"status\":\"404\",\"responseTime\":\"277.745\"}","timestamp":"2024-08-28T06:30:53.189Z"}
{"level":"\u001b[32minfo\u001b[39m","message":"{\"method\":\"PUT\",\"url\":\"/api/teacher/assessment/66cdac591b6721cf59dc5098/update\",\"status\":\"200\",\"responseTime\":\"311.438\"}","timestamp":"2024-08-28T06:33:27.307Z"}
{"level":"\u001b[32minfo\u001b[39m","message":"{\"method\":\"GET\",\"url\":\"/api/student/assessment/overdue\",\"status\":\"200\",\"responseTime\":\"271.538\"}","timestamp":"2024-08-28T06:33:43.383Z"}
{"level":"\u001b[32minfo\u001b[39m","message":"{\"method\":\"GET\",\"url\":\"/api/teacher/assessment/66cc9db2aba73b79043c5628/getassessment\",\"status\":\"200\",\"responseTime\":\"1312.227\"}","timestamp":"2024-08-28T06:50:44.488Z"}
{"level":"\u001b[32minfo\u001b[39m","message":"{\"method\":\"POST\",\"url\":\"/api/teacher/assessment/createQuestion\",\"status\":\"500\",\"responseTime\":\"30.918\"}","timestamp":"2024-08-28T06:58:14.500Z"}
{"level":"\u001b[32minfo\u001b[39m","message":"{\"method\":\"POST\",\"url\":\"/api/teacher/assessment/createQuestion\",\"status\":\"500\",\"responseTime\":\"4.841\"}","timestamp":"2024-08-28T06:58:38.505Z"}
{"level":"\u001b[32minfo\u001b[39m","message":"{\"method\":\"POST\",\"url\":\"/api/teacher/assessment/createQuestion\",\"status\":\"500\",\"responseTime\":\"27.046\"}","timestamp":"2024-08-28T06:59:16.677Z"}
{"level":"\u001b[32minfo\u001b[39m","message":"{\"method\":\"POST\",\"url\":\"/api/teacher/assessment/66cc9db2aba73b79043c5628/createQuestion\",\"status\":\"404\",\"responseTime\":\"302.547\"}","timestamp":"2024-08-28T07:03:16.094Z"}
{"level":"\u001b[32minfo\u001b[39m","message":"{\"method\":\"POST\",\"url\":\"/api/teacher/assessment/66cc9db2aba73b79043c5628/createQuestion\",\"status\":\"404\",\"responseTime\":\"284.968\"}","timestamp":"2024-08-28T07:04:22.765Z"}
{"level":"\u001b[32minfo\u001b[39m","message":"{\"method\":\"POST\",\"url\":\"/api/teacher/assessment/66cc9db2aba73b79043c5628/createQuestion\",\"status\":\"201\",\"responseTime\":\"686.008\"}","timestamp":"2024-08-28T07:05:24.360Z"}
{"level":"\u001b[32minfo\u001b[39m","message":"{\"method\":\"POST\",\"url\":\"/api/teacher/assessment/66cc9db2aba73b79043c5628\",\"status\":\"201\",\"responseTime\":\"595.742\"}","timestamp":"2024-08-28T07:07:34.209Z"}
{"level":"\u001b[32minfo\u001b[39m","message":"{\"method\":\"GET\",\"url\":\"/api/teacher/assessment/66cc9db2aba73b79043c5628/getassessment\",\"status\":\"200\",\"responseTime\":\"994.444\"}","timestamp":"2024-08-28T07:09:30.870Z"}
{"level":"\u001b[32minfo\u001b[39m","message":"{\"method\":\"POST\",\"url\":\"/api/student/assessment/submit\",\"status\":\"404\",\"responseTime\":\"22.321\"}","timestamp":"2024-08-28T08:57:30.003Z"}
{"level":"\u001b[32minfo\u001b[39m","message":"{\"method\":\"POST\",\"url\":\"/api/student/assessment/submit\",\"status\":\"500\",\"responseTime\":\"646.885\"}","timestamp":"2024-08-28T08:58:41.567Z"}
{"level":"\u001b[32minfo\u001b[39m","message":"{\"method\":\"POST\",\"url\":\"/api/student/assessment/submit\",\"status\":\"500\",\"responseTime\":\"1636.407\"}","timestamp":"2024-08-28T08:59:41.879Z"}
{"level":"\u001b[32minfo\u001b[39m","message":"{\"method\":\"POST\",\"url\":\"/api/student/assessment/submit\",\"status\":\"500\",\"responseTime\":\"642.117\"}","timestamp":"2024-08-28T09:04:04.568Z"}
{"level":"\u001b[32minfo\u001b[39m","message":"{\"method\":\"POST\",\"url\":\"/api/student/assessment/submit\",\"status\":\"500\",\"responseTime\":\"1456.459\"}","timestamp":"2024-08-28T09:04:56.221Z"}
{"level":"\u001b[32minfo\u001b[39m","message":"{\"method\":\"POST\",\"url\":\"/api/student/assessment/submit\",\"status\":\"201\",\"responseTime\":\"1048.559\"}","timestamp":"2024-08-28T09:05:36.436Z"}
{"level":"\u001b[32minfo\u001b[39m","message":"{\"method\":\"POST\",\"url\":\"/api/teacher/assessment/66cc9db2aba73b79043c5628/createQuestion\",\"status\":\"201\",\"responseTime\":\"615.474\"}","timestamp":"2024-08-28T10:14:30.784Z"}
{"level":"\u001b[32minfo\u001b[39m","message":"{\"method\":\"GET\",\"url\":\"/api/teacher/assessment/getAllQuestions\",\"status\":\"404\",\"responseTime\":\"4.577\"}","timestamp":"2024-08-28T10:26:44.895Z"}
{"level":"\u001b[32minfo\u001b[39m","message":"{\"method\":\"GET\",\"url\":\"/api/teacher/assessment/getAllQuestion\",\"status\":\"-\",\"responseTime\":\"-\"}","timestamp":"2024-08-28T10:27:20.194Z"}
{"level":"\u001b[32minfo\u001b[39m","message":"{\"method\":\"GET\",\"url\":\"/api/teacher/assessment/getAllQuestion\",\"status\":\"-\",\"responseTime\":\"-\"}","timestamp":"2024-08-28T10:27:54.769Z"}
{"level":"\u001b[32minfo\u001b[39m","message":"{\"method\":\"GET\",\"url\":\"/api/teacher/assessment/getAllQuestion\",\"status\":\"200\",\"responseTime\":\"299.621\"}","timestamp":"2024-08-28T10:28:51.232Z"}
{"level":"\u001b[32minfo\u001b[39m","message":"{\"method\":\"PUT\",\"url\":\"/api/teacher/assessment/66cef8867e58799f8c8db039/toBank/66ceccb590bb5235b73a3f93\",\"status\":\"404\",\"responseTime\":\"291.542\"}","timestamp":"2024-08-28T11:43:38.244Z"}
{"level":"\u001b[32minfo\u001b[39m","message":"{\"method\":\"PUT\",\"url\":\"/api/teacher/assessment/66cef8867e58799f8c8db039/toBank/66ceccb590bb5235b73a3f93\",\"status\":\"404\",\"responseTime\":\"551.864\"}","timestamp":"2024-08-28T11:44:15.082Z"}
{"level":"\u001b[32minfo\u001b[39m","message":"{\"method\":\"PUT\",\"url\":\"/api/teacher/assessment/66cef8867e58799f8c8db039/toBank/66ceccb590bb5235b73a3f93\",\"status\":\"404\",\"responseTime\":\"581.763\"}","timestamp":"2024-08-28T11:45:07.221Z"}
{"level":"\u001b[32minfo\u001b[39m","message":"{\"method\":\"PUT\",\"url\":\"/api/teacher/assessment/66cef8867e58799f8c8db039/toBank/66ceccb590bb5235b73a3f93\",\"status\":\"404\",\"responseTime\":\"294.487\"}","timestamp":"2024-08-28T11:46:23.477Z"}
{"level":"\u001b[32minfo\u001b[39m","message":"{\"method\":\"PUT\",\"url\":\"/api/teacher/assessment/66cef8867e58799f8c8db039/toBank/66ceccb590bb5235b73a3f93\",\"status\":\"404\",\"responseTime\":\"367.323\"}","timestamp":"2024-08-28T11:52:47.202Z"}
{"level":"\u001b[32minfo\u001b[39m","message":"{\"method\":\"PUT\",\"url\":\"/api/teacher/assessment/66cef8867e58799f8c8db039/toBank/66ceccb590bb5235b73a3f93\",\"status\":\"404\",\"responseTime\":\"696.855\"}","timestamp":"2024-08-28T11:54:03.162Z"}
{"level":"\u001b[32minfo\u001b[39m","message":"{\"method\":\"PUT\",\"url\":\"/api/teacher/assessment/66cef8867e58799f8c8db039/toBank/66ceccb590bb5235b73a3f93\",\"status\":\"404\",\"responseTime\":\"553.037\"}","timestamp":"2024-08-28T11:54:50.300Z"}
{"level":"\u001b[32minfo\u001b[39m","message":"{\"method\":\"PUT\",\"url\":\"/api/teacher/assessment/66cef8867e58799f8c8db039/toBank/66ceccb590bb5235b73a3f93\",\"status\":\"500\",\"responseTime\":\"13.522\"}","timestamp":"2024-08-28T11:57:57.681Z"}
{"level":"\u001b[32minfo\u001b[39m","message":"{\"method\":\"PUT\",\"url\":\"/api/teacher/assessment/66cef8867e58799f8c8db039/toBank/66ceccb590bb5235b73a3f93\",\"status\":\"500\",\"responseTime\":\"13.404\"}","timestamp":"2024-08-28T11:58:42.864Z"}
{"level":"\u001b[32minfo\u001b[39m","message":"{\"method\":\"PUT\",\"url\":\"/api/teacher/assessment/66cef8867e58799f8c8db039/toBank/66ceccb590bb5235b73a3f93\",\"status\":\"404\",\"responseTime\":\"293.941\"}","timestamp":"2024-08-28T11:59:11.094Z"}
{"level":"\u001b[32minfo\u001b[39m","message":"{\"method\":\"PUT\",\"url\":\"/api/teacher/assessment/66cef8867e58799f8c8db039/toBank/66ceccb590bb5235b73a3f93\",\"status\":\"404\",\"responseTime\":\"579.414\"}","timestamp":"2024-08-28T12:03:36.905Z"}
{"level":"\u001b[32minfo\u001b[39m","message":"{\"method\":\"PUT\",\"url\":\"/api/teacher/assessment/66cef8867e58799f8c8db039/toBank/66ceccb590bb5235b73a3f93\",\"status\":\"404\",\"responseTime\":\"296.909\"}","timestamp":"2024-08-28T12:03:41.799Z"}
{"level":"\u001b[32minfo\u001b[39m","message":"{\"method\":\"PATCH\",\"url\":\"/api/teacher/assessment/66cef8867e58799f8c8db039/toBank/66ceccb590bb5235b73a3f93\",\"status\":\"404\",\"responseTime\":\"336.744\"}","timestamp":"2024-08-28T12:08:40.618Z"}
{"level":"\u001b[32minfo\u001b[39m","message":"{\"method\":\"PATCH\",\"url\":\"/api/teacher/assessment/66cef8867e58799f8c8db039/toBank/66ceccb590bb5235b73a3f93\",\"status\":\"500\",\"responseTime\":\"17.312\"}","timestamp":"2024-08-28T12:09:50.792Z"}
{"level":"\u001b[32minfo\u001b[39m","message":"{\"method\":\"PATCH\",\"url\":\"/api/teacher/assessment/66cef8867e58799f8c8db039/toBank/66ceccb590bb5235b73a3f93\",\"status\":\"500\",\"responseTime\":\"18.617\"}","timestamp":"2024-08-28T12:10:24.477Z"}
{"level":"\u001b[32minfo\u001b[39m","message":"{\"method\":\"PATCH\",\"url\":\"/api/teacher/assessment/66cef8867e58799f8c8db039/toBank/66ceccb590bb5235b73a3f93\",\"status\":\"404\",\"responseTime\":\"400.658\"}","timestamp":"2024-08-28T12:17:39.724Z"}
{"level":"\u001b[32minfo\u001b[39m","message":"{\"method\":\"PATCH\",\"url\":\"/api/teacher/assessment/66cef8867e58799f8c8db039/toBank/66ceccb590bb5235b73a3f93\",\"status\":\"404\",\"responseTime\":\"271.006\"}","timestamp":"2024-08-28T12:19:30.891Z"}
{"level":"\u001b[32minfo\u001b[39m","message":"{\"method\":\"PATCH\",\"url\":\"/api/teacher/assessment/66cef8867e58799f8c8db039/toBank/66ceccb590bb5235b73a3f93\",\"status\":\"404\",\"responseTime\":\"281.587\"}","timestamp":"2024-08-28T12:19:58.626Z"}
{"level":"\u001b[32minfo\u001b[39m","message":"{\"method\":\"PATCH\",\"url\":\"/api/teacher/assessment/66cef8867e58799f8c8db039/toBank/66ceccb590bb5235b73a3f93\",\"status\":\"404\",\"responseTime\":\"1638.671\"}","timestamp":"2024-08-28T12:20:10.838Z"}
{"level":"\u001b[32minfo\u001b[39m","message":"{\"method\":\"PATCH\",\"url\":\"/api/teacher/assessment/66cef8867e58799f8c8db039/toBank/66ceccb590bb5235b73a3f93\",\"status\":\"-\",\"responseTime\":\"-\"}","timestamp":"2024-08-28T12:20:21.870Z"}
{"level":"\u001b[32minfo\u001b[39m","message":"{\"method\":\"PATCH\",\"url\":\"/api/teacher/assessment/66cef8867e58799f8c8db039/toBank/66ceccb590bb5235b73a3f93\",\"status\":\"404\",\"responseTime\":\"268.059\"}","timestamp":"2024-08-28T12:20:27.935Z"}
{"level":"\u001b[32minfo\u001b[39m","message":"{\"method\":\"PATCH\",\"url\":\"/api/teacher/assessment/66cef8867e58799f8c8db039/toBank/66ceccb590bb5235b73a3f93\",\"status\":\"404\",\"responseTime\":\"282.228\"}","timestamp":"2024-08-28T12:20:49.851Z"}
{"level":"\u001b[32minfo\u001b[39m","message":"{\"method\":\"PATCH\",\"url\":\"/api/teacher/assessment/66cef8867e58799f8c8db039/toBank/66ceccb590bb5235b73a3f93\",\"status\":\"404\",\"responseTime\":\"279.640\"}","timestamp":"2024-08-28T12:21:59.512Z"}
{"level":"\u001b[32minfo\u001b[39m","message":"{\"method\":\"PATCH\",\"url\":\"/api/teacher/assessment/66ceccb590bb5235b73a3f93/toBank/66cef8867e58799f8c8db039\",\"status\":\"404\",\"responseTime\":\"872.459\"}","timestamp":"2024-08-28T12:23:07.053Z"}
{"level":"\u001b[32minfo\u001b[39m","message":"{\"method\":\"PATCH\",\"url\":\"/api/teacher/assessment/66cef8867e58799f8c8db039/toBank/66ceccb590bb5235b73a3f93\",\"status\":\"404\",\"responseTime\":\"1185.625\"}","timestamp":"2024-08-28T12:23:34.260Z"}
{"level":"\u001b[32minfo\u001b[39m","message":"{\"method\":\"PATCH\",\"url\":\"/api/teacher/assessment/66cef8867e58799f8c8db039/toBank/66ceccb590bb5235b73a3f93\",\"status\":\"404\",\"responseTime\":\"275.421\"}","timestamp":"2024-08-28T12:24:36.258Z"}
{"level":"\u001b[32minfo\u001b[39m","message":"{\"method\":\"PATCH\",\"url\":\"/api/teacher/assessment/66cef8867e58799f8c8db039/toBank/66ceccb590bb5235b73a3f93\",\"status\":\"404\",\"responseTime\":\"353.129\"}","timestamp":"2024-08-28T12:25:29.805Z"}
{"level":"\u001b[32minfo\u001b[39m","message":"{\"method\":\"PATCH\",\"url\":\"/api/teacher/assessment/66ceccb590bb5235b73a3f93/toBank/66cef8867e58799f8c8db039\",\"status\":\"404\",\"responseTime\":\"564.010\"}","timestamp":"2024-08-28T12:35:53.994Z"}
{"level":"\u001b[32minfo\u001b[39m","message":"{\"method\":\"PATCH\",\"url\":\"/api/teacher/assessment/66ceccb590bb5235b73a3f93/toBank/66cef8867e58799f8c8db039\",\"status\":\"404\",\"responseTime\":\"1515.153\"}","timestamp":"2024-08-28T12:36:58.532Z"}
{"level":"\u001b[32minfo\u001b[39m","message":"{\"method\":\"PATCH\",\"url\":\"/api/teacher/assessment/66ceccb590bb5235b73a3f93/toBank/66cef8867e58799f8c8db039\",\"status\":\"404\",\"responseTime\":\"644.630\"}","timestamp":"2024-08-28T12:37:49.492Z"}
{"level":"\u001b[32minfo\u001b[39m","message":"{\"method\":\"PATCH\",\"url\":\"/api/teacher/assessment/66ceccb590bb5235b73a3f93/toBank/66cef8867e58799f8c8db039\",\"status\":\"404\",\"responseTime\":\"628.477\"}","timestamp":"2024-08-28T12:40:18.132Z"}
{"level":"\u001b[32minfo\u001b[39m","message":"{\"method\":\"PATCH\",\"url\":\"/api/teacher/assessment/66ceccb590bb5235b73a3f93/toBank/66cef8867e58799f8c8db039\",\"status\":\"404\",\"responseTime\":\"1309.082\"}","timestamp":"2024-08-28T12:41:02.280Z"}
{"level":"\u001b[32minfo\u001b[39m","message":"{\"method\":\"PATCH\",\"url\":\"/api/teacher/assessment/66ceccb590bb5235b73a3f93/toBank/66cef8867e58799f8c8db039\",\"status\":\"404\",\"responseTime\":\"1407.532\"}","timestamp":"2024-08-28T12:41:51.679Z"}
{"level":"\u001b[32minfo\u001b[39m","message":"{\"method\":\"PATCH\",\"url\":\"/api/teacher/assessment/66ceccb590bb5235b73a3f93/toBank/66cef8867e58799f8c8db039\",\"status\":\"404\",\"responseTime\":\"1322.745\"}","timestamp":"2024-08-28T12:42:09.161Z"}
{"level":"\u001b[32minfo\u001b[39m","message":"{\"method\":\"PATCH\",\"url\":\"/api/teacher/assessment/66ceccb590bb5235b73a3f93/66cef8867e58799f8c8db039/tobank\",\"status\":\"404\",\"responseTime\":\"629.985\"}","timestamp":"2024-08-28T12:43:19.847Z"}
{"level":"\u001b[32minfo\u001b[39m","message":"{\"method\":\"PATCH\",\"url\":\"/api/teacher/assessment/66ceccb590bb5235b73a3f93/66cef8867e58799f8c8db039/tobank\",\"status\":\"404\",\"responseTime\":\"670.940\"}","timestamp":"2024-08-28T12:44:02.844Z"}
{"level":"\u001b[32minfo\u001b[39m","message":"{\"method\":\"PATCH\",\"url\":\"/api/teacher/assessment/66ceccb590bb5235b73a3f93/66cef8867e58799f8c8db039/tobank\",\"status\":\"404\",\"responseTime\":\"2821.727\"}","timestamp":"2024-08-28T12:44:26.342Z"}
{"level":"\u001b[32minfo\u001b[39m","message":"{\"method\":\"PATCH\",\"url\":\"/api/teacher/assessment/66ceccb590bb5235b73a3f93/toBank/66cef8867e58799f8c8db039\",\"status\":\"404\",\"responseTime\":\"572.495\"}","timestamp":"2024-08-28T12:45:05.284Z"}
{"level":"\u001b[32minfo\u001b[39m","message":"{\"method\":\"PATCH\",\"url\":\"/api/teacher/assessment/66ceccb590bb5235b73a3f93/toBank/66cef8867e58799f8c8db039\",\"status\":\"404\",\"responseTime\":\"685.297\"}","timestamp":"2024-08-28T12:46:12.244Z"}
{"level":"\u001b[32minfo\u001b[39m","message":"{\"method\":\"PATCH\",\"url\":\"/api/teacher/assessment/66ceccb590bb5235b73a3f93/toBank/66cef8867e58799f8c8db039\",\"status\":\"404\",\"responseTime\":\"6147.281\"}","timestamp":"2024-08-28T12:46:53.784Z"}
{"level":"\u001b[32minfo\u001b[39m","message":"{\"method\":\"PATCH\",\"url\":\"/api/teacher/assessment/66ceccb590bb5235b73a3f93/toBank/66cef8867e58799f8c8db039\",\"status\":\"404\",\"responseTime\":\"595.398\"}","timestamp":"2024-08-28T12:47:55.265Z"}
{"level":"\u001b[32minfo\u001b[39m","message":"{\"method\":\"PATCH\",\"url\":\"/api/teacher/assessment/66ceccb590bb5235b73a3f93/toBank/66cef8867e58799f8c8db039\",\"status\":\"404\",\"responseTime\":\"836.643\"}","timestamp":"2024-08-28T12:48:43.833Z"}
{"level":"\u001b[32minfo\u001b[39m","message":"{\"method\":\"PATCH\",\"url\":\"/api/teacher/assessment/66ceccb590bb5235b73a3f93/toBank/66cef8867e58799f8c8db039\",\"status\":\"404\",\"responseTime\":\"590.293\"}","timestamp":"2024-08-28T12:49:10.885Z"}
{"level":"\u001b[32minfo\u001b[39m","message":"{\"method\":\"PATCH\",\"url\":\"/api/teacher/assessment/66ceccb590bb5235b73a3f93/toBank/66cef8867e58799f8c8db039\",\"status\":\"404\",\"responseTime\":\"603.374\"}","timestamp":"2024-08-28T12:57:11.848Z"}
{"level":"\u001b[32minfo\u001b[39m","message":"{\"method\":\"PATCH\",\"url\":\"/api/teacher/assessment/66ceccb590bb5235b73a3f93/toBank/66cef8867e58799f8c8db039\",\"status\":\"404\",\"responseTime\":\"1233.740\"}","timestamp":"2024-08-28T12:58:21.282Z"}
{"level":"\u001b[32minfo\u001b[39m","message":"{\"method\":\"PATCH\",\"url\":\"/api/teacher/assessment/66ceccb590bb5235b73a3f93/toBank/66cef8867e58799f8c8db039\",\"status\":\"404\",\"responseTime\":\"602.039\"}","timestamp":"2024-08-28T12:58:54.292Z"}
{"level":"\u001b[32minfo\u001b[39m","message":"{\"method\":\"POST\",\"url\":\"/api/teacher/assessment/66cc9db2aba73b79043c5628\",\"status\":\"201\",\"responseTime\":\"762.421\"}","timestamp":"2024-08-28T13:02:55.706Z"}
{"level":"\u001b[32minfo\u001b[39m","message":"{\"method\":\"GET\",\"url\":\"/api/teacher/assessment/66cc9db2aba73b79043c5628/getassessment\",\"status\":\"200\",\"responseTime\":\"927.289\"}","timestamp":"2024-08-28T13:04:19.449Z"}
{"level":"\u001b[32minfo\u001b[39m","message":"{\"method\":\"GET\",\"url\":\"/api/teacher/assessment/66cf1fff7114e5dfa3fd24c7/getassessment\",\"status\":\"404\",\"responseTime\":\"265.500\"}","timestamp":"2024-08-28T13:04:54.647Z"}
{"level":"\u001b[32minfo\u001b[39m","message":"{\"method\":\"GET\",\"url\":\"/api/teacher/assessment/66cc9db2aba73b79043c5628/getassessment\",\"status\":\"200\",\"responseTime\":\"905.640\"}","timestamp":"2024-08-28T13:05:35.065Z"}
{"level":"\u001b[32minfo\u001b[39m","message":"{\"method\":\"DELETE\",\"url\":\"/api/teacher/assessment/66cf1fff7114e5dfa3fd24c7/delete\",\"status\":\"200\",\"responseTime\":\"404.985\"}","timestamp":"2024-08-28T13:06:31.085Z"}
{"level":"\u001b[32minfo\u001b[39m","message":"{\"method\":\"POST\",\"url\":\"/api/teacher/assessment/66cc9db2aba73b79043c5628\",\"status\":\"201\",\"responseTime\":\"707.442\"}","timestamp":"2024-08-28T13:07:29.745Z"}
{"level":"\u001b[32minfo\u001b[39m","message":"{\"method\":\"PATCH\",\"url\":\"/api/teacher/assessment/66cf2111ce6c526d5d4af142/toBank/66cef8867e58799f8c8db039\",\"status\":\"404\",\"responseTime\":\"615.361\"}","timestamp":"2024-08-28T13:08:23.490Z"}
{"level":"\u001b[32minfo\u001b[39m","message":"{\"method\":\"PATCH\",\"url\":\"/api/teacher/assessment/66cf2111ce6c526d5d4af142/toBank/66cef8867e58799f8c8db039\",\"status\":\"500\",\"responseTime\":\"3050.705\"}","timestamp":"2024-08-28T13:10:01.873Z"}
{"level":"\u001b[32minfo\u001b[39m","message":"{\"method\":\"PATCH\",\"url\":\"/api/teacher/assessment/66cf2111ce6c526d5d4af142/toBank/66cef8867e58799f8c8db039\",\"status\":\"500\",\"responseTime\":\"870.418\"}","timestamp":"2024-08-28T13:10:37.732Z"}
{"level":"\u001b[32minfo\u001b[39m","message":"{\"method\":\"PATCH\",\"url\":\"/api/teacher/assessment/66cf2111ce6c526d5d4af142/toBank/66cef8867e58799f8c8db039\",\"status\":\"404\",\"responseTime\":\"563.209\"}","timestamp":"2024-08-28T13:17:13.160Z"}
{"level":"\u001b[32minfo\u001b[39m","message":"{\"method\":\"PATCH\",\"url\":\"/api/teacher/assessment/66cf2111ce6c526d5d4af142/toBank/66cef8867e58799f8c8db039\",\"status\":\"500\",\"responseTime\":\"296.630\"}","timestamp":"2024-08-28T13:17:46.825Z"}
{"level":"\u001b[32minfo\u001b[39m","message":"{\"method\":\"PATCH\",\"url\":\"/api/teacher/assessment/66cf2111ce6c526d5d4af142/toBank/66cef8867e58799f8c8db039\",\"status\":\"500\",\"responseTime\":\"3512.124\"}","timestamp":"2024-08-28T13:18:40.183Z"}
{"level":"\u001b[32minfo\u001b[39m","message":"{\"method\":\"PATCH\",\"url\":\"/api/teacher/assessment/66cf2111ce6c526d5d4af142/toBank/66cef8867e58799f8c8db039\",\"status\":\"500\",\"responseTime\":\"488.119\"}","timestamp":"2024-08-28T13:19:17.033Z"}
{"level":"\u001b[32minfo\u001b[39m","message":"{\"method\":\"PATCH\",\"url\":\"/api/teacher/assessment/66cf2111ce6c526d5d4af142/toBank/66cef8867e58799f8c8db039\",\"status\":\"404\",\"responseTime\":\"575.637\"}","timestamp":"2024-08-28T13:19:40.069Z"}
{"level":"\u001b[32minfo\u001b[39m","message":"{\"method\":\"PATCH\",\"url\":\"/api/teacher/assessment/66cf2111ce6c526d5d4af142/toBank/66cef8867e58799f8c8db039\",\"status\":\"404\",\"responseTime\":\"611.359\"}","timestamp":"2024-08-28T13:21:06.674Z"}
{"level":"\u001b[32minfo\u001b[39m","message":"{\"method\":\"PATCH\",\"url\":\"/api/teacher/assessment/66cf2111ce6c526d5d4af142/toBank/66cef8867e58799f8c8db039\",\"status\":\"404\",\"responseTime\":\"280.127\"}","timestamp":"2024-08-28T14:32:51.110Z"}
{"level":"\u001b[32minfo\u001b[39m","message":"{\"method\":\"PATCH\",\"url\":\"/api/teacher/assessment/66cf2111ce6c526d5d4af142/toBank/66cef8867e58799f8c8db039\",\"status\":\"404\",\"responseTime\":\"313.066\"}","timestamp":"2024-08-28T14:33:36.398Z"}
{"level":"\u001b[32minfo\u001b[39m","message":"{\"method\":\"PATCH\",\"url\":\"/api/teacher/assessment/66cf2111ce6c526d5d4af142/toBank/66cef8867e58799f8c8db039\",\"status\":\"500\",\"responseTime\":\"10024.027\"}","timestamp":"2024-08-28T14:34:05.789Z"}
{"level":"\u001b[32minfo\u001b[39m","message":"{\"method\":\"PATCH\",\"url\":\"/api/teacher/assessment/66cf2111ce6c526d5d4af142/toBank/66cef8867e58799f8c8db039\",\"status\":\"404\",\"responseTime\":\"1183.139\"}","timestamp":"2024-08-28T14:34:21.455Z"}
{"level":"\u001b[32minfo\u001b[39m","message":"{\"method\":\"PATCH\",\"url\":\"/api/teacher/assessment/66cf2111ce6c526d5d4af142/toBank/66cef8867e58799f8c8db039\",\"status\":\"404\",\"responseTime\":\"564.339\"}","timestamp":"2024-08-28T14:34:56.645Z"}
{"level":"\u001b[32minfo\u001b[39m","message":"{\"method\":\"PATCH\",\"url\":\"/api/teacher/assessment/66cf2111ce6c526d5d4af142/toBank/66cef8867e58799f8c8db039\",\"status\":\"404\",\"responseTime\":\"286.214\"}","timestamp":"2024-08-28T14:35:40.888Z"}
{"level":"\u001b[32minfo\u001b[39m","message":"{\"method\":\"PATCH\",\"url\":\"/api/teacher/assessment/66cf2111ce6c526d5d4af142/toBank/66cef8867e58799f8c8db039\",\"status\":\"404\",\"responseTime\":\"567.560\"}","timestamp":"2024-08-28T14:36:25.520Z"}
{"level":"\u001b[32minfo\u001b[39m","message":"{\"method\":\"PATCH\",\"url\":\"/api/teacher/assessment/66cf2111ce6c526d5d4af142/toBank/66cef8867e58799f8c8db039\",\"status\":\"500\",\"responseTime\":\"295.616\"}","timestamp":"2024-08-28T14:37:46.386Z"}
{"level":"\u001b[32minfo\u001b[39m","message":"{\"method\":\"PATCH\",\"url\":\"/api/teacher/assessment/66cf2111ce6c526d5d4af142/toBank/66cef8867e58799f8c8db039\",\"status\":\"500\",\"responseTime\":\"357.930\"}","timestamp":"2024-08-28T14:39:17.118Z"}
{"level":"\u001b[32minfo\u001b[39m","message":"{\"method\":\"PATCH\",\"url\":\"/api/teacher/assessment/66cf2111ce6c526d5d4af142/toBank/66cef8867e58799f8c8db039\",\"status\":\"404\",\"responseTime\":\"652.444\"}","timestamp":"2024-08-28T14:39:43.076Z"}
{"level":"\u001b[32minfo\u001b[39m","message":"{\"method\":\"PATCH\",\"url\":\"/api/teacher/assessment/66cf2111ce6c526d5d4af142/toBank/66cef8867e58799f8c8db039\",\"status\":\"404\",\"responseTime\":\"559.917\"}","timestamp":"2024-08-28T14:43:25.232Z"}
{"level":"\u001b[32minfo\u001b[39m","message":"{\"method\":\"PATCH\",\"url\":\"/api/teacher/assessment/66cf2111ce6c526d5d4af142/toBank/66cef8867e58799f8c8db039\",\"status\":\"404\",\"responseTime\":\"1197.094\"}","timestamp":"2024-08-28T14:45:01.245Z"}
{"level":"\u001b[32minfo\u001b[39m","message":"{\"method\":\"PATCH\",\"url\":\"/api/teacher/assessment/66cf2111ce6c526d5d4af142/toBank/66cef8867e58799f8c8db039\",\"status\":\"404\",\"responseTime\":\"575.799\"}","timestamp":"2024-08-28T14:49:38.584Z"}
{"level":"\u001b[32minfo\u001b[39m","message":"{\"method\":\"PATCH\",\"url\":\"/api/teacher/assessment/66cf2111ce6c526d5d4af142/66cef8867e58799f8c8db039\",\"status\":\"404\",\"responseTime\":\"1395.998\"}","timestamp":"2024-08-28T14:50:53.734Z"}
{"level":"\u001b[32minfo\u001b[39m","message":"{\"method\":\"PUT\",\"url\":\"/api/teacher/assessment/66cf2111ce6c526d5d4af142/toBank/66cef8867e58799f8c8db039\",\"status\":\"404\",\"responseTime\":\"5.451\"}","timestamp":"2024-08-28T14:51:28.737Z"}
{"level":"\u001b[32minfo\u001b[39m","message":"{\"method\":\"PATCH\",\"url\":\"/api/teacher/assessment/66cf2111ce6c526d5d4af142/toBank/66cef8867e58799f8c8db039\",\"status\":\"404\",\"responseTime\":\"1617.483\"}","timestamp":"2024-08-28T14:51:45.328Z"}
{"level":"\u001b[32minfo\u001b[39m","message":"{\"method\":\"PATCH\",\"url\":\"/api/teacher/assessment/66cf2111ce6c526d5d4af142/toBank/66cef8867e58799f8c8db039\",\"status\":\"404\",\"responseTime\":\"1073.016\"}","timestamp":"2024-08-28T14:53:12.470Z"}
{"level":"\u001b[32minfo\u001b[39m","message":"{\"method\":\"PATCH\",\"url\":\"/api/teacher/assessment/66cef8867e58799f8c8db039/toBank/66cf2111ce6c526d5d4af142\",\"status\":\"404\",\"responseTime\":\"413.435\"}","timestamp":"2024-08-28T14:56:31.598Z"}
{"level":"\u001b[32minfo\u001b[39m","message":"{\"method\":\"PATCH\",\"url\":\"/api/teacher/assessment/66cef8867e58799f8c8db039/toBank/66cf2111ce6c526d5d4af142\",\"status\":\"404\",\"responseTime\":\"289.725\"}","timestamp":"2024-08-28T14:57:20.091Z"}
{"level":"\u001b[32minfo\u001b[39m","message":"{\"method\":\"PATCH\",\"url\":\"/api/teacher/assessment/66cef8867e58799f8c8db039/toBank/66cf2111ce6c526d5d4af142\",\"status\":\"404\",\"responseTime\":\"285.372\"}","timestamp":"2024-08-28T14:57:46.465Z"}
{"level":"\u001b[32minfo\u001b[39m","message":"{\"method\":\"PATCH\",\"url\":\"/api/teacher/assessment/66cf2111ce6c526d5d4af142/toBank/66cef8867e58799f8c8db039\",\"status\":\"404\",\"responseTime\":\"504.282\"}","timestamp":"2024-08-28T14:58:12.484Z"}
{"level":"\u001b[32minfo\u001b[39m","message":"{\"method\":\"PATCH\",\"url\":\"/api/teacher/assessment/66cf2111ce6c526d5d4af142/toBank/66cef8867e58799f8c8db039\",\"status\":\"404\",\"responseTime\":\"2035.321\"}","timestamp":"2024-08-28T14:58:23.019Z"}
{"level":"\u001b[32minfo\u001b[39m","message":"{\"method\":\"PATCH\",\"url\":\"/api/teacher/assessment/66cf2111ce6c526d5d4af142/toBank/66cef8867e58799f8c8db039\",\"status\":\"404\",\"responseTime\":\"573.562\"}","timestamp":"2024-08-28T14:59:21.433Z"}
{"level":"\u001b[32minfo\u001b[39m","message":"{\"method\":\"PATCH\",\"url\":\"/api/teacher/assessment/66cf2111ce6c526d5d4af142/toBank/66cef8867e58799f8c8db039\",\"status\":\"404\",\"responseTime\":\"1610.576\"}","timestamp":"2024-08-28T15:02:54.956Z"}
{"level":"\u001b[32minfo\u001b[39m","message":"{\"method\":\"PATCH\",\"url\":\"/api/teacher/assessment/66cf2111ce6c526d5d4af142/toBank/66cef8867e58799f8c8db039\",\"status\":\"404\",\"responseTime\":\"627.555\"}","timestamp":"2024-08-28T15:05:01.675Z"}
{"level":"\u001b[32minfo\u001b[39m","message":"{\"method\":\"PUT\",\"url\":\"/api/teacher/assessment/66cf2111ce6c526d5d4af142/toBank/66cef8867e58799f8c8db039\",\"status\":\"404\",\"responseTime\":\"573.466\"}","timestamp":"2024-08-28T15:05:24.468Z"}
{"level":"\u001b[32minfo\u001b[39m","message":"{\"method\":\"PATCH\",\"url\":\"/api/teacher/assessment/66cf2111ce6c526d5d4af142/toBank/66cef8867e58799f8c8db039\",\"status\":\"200\",\"responseTime\":\"723.311\"}","timestamp":"2024-08-28T15:06:49.220Z"}
{"level":"\u001b[32minfo\u001b[39m","message":"{\"method\":\"GET\",\"url\":\"/api/teacher/assessment/66cc9db2aba73b79043c5628/getassessment\",\"status\":\"200\",\"responseTime\":\"1047.356\"}","timestamp":"2024-08-28T15:14:59.072Z"}
{"level":"\u001b[32minfo\u001b[39m","message":"{\"method\":\"OPTIONS\",\"url\":\"/api/teacher/login\",\"status\":\"200\",\"responseTime\":\"2.720\"}","timestamp":"2024-08-29T18:08:41.798Z"}
{"level":"\u001b[32minfo\u001b[39m","message":"{\"method\":\"OPTIONS\",\"url\":\"/api/teacher/login\",\"status\":\"200\",\"responseTime\":\"11.404\"}","timestamp":"2024-08-29T18:11:32.475Z"}
{"level":"\u001b[32minfo\u001b[39m","message":"{\"method\":\"OPTIONS\",\"url\":\"/api/teacher/login\",\"status\":\"204\",\"responseTime\":\"1.305\"}","timestamp":"2024-08-29T18:17:22.586Z"}
{"level":"\u001b[32minfo\u001b[39m","message":"{\"method\":\"POST\",\"url\":\"/api/teacher/login\",\"status\":\"400\",\"responseTime\":\"305.629\"}","timestamp":"2024-08-29T18:17:22.899Z"}
{"level":"\u001b[32minfo\u001b[39m","message":"{\"method\":\"OPTIONS\",\"url\":\"/api/teacher/login\",\"status\":\"204\",\"responseTime\":\"4.698\"}","timestamp":"2024-08-29T18:22:08.713Z"}
{"level":"\u001b[32minfo\u001b[39m","message":"{\"method\":\"POST\",\"url\":\"/api/teacher/login\",\"status\":\"400\",\"responseTime\":\"304.052\"}","timestamp":"2024-08-29T18:22:09.025Z"}
{"level":"\u001b[32minfo\u001b[39m","message":"{\"method\":\"OPTIONS\",\"url\":\"/api/student/login\",\"status\":\"204\",\"responseTime\":\"0.348\"}","timestamp":"2024-08-29T18:23:34.153Z"}
{"level":"\u001b[32minfo\u001b[39m","message":"{\"method\":\"POST\",\"url\":\"/api/student/login\",\"status\":\"200\",\"responseTime\":\"416.878\"}","timestamp":"2024-08-29T18:23:34.573Z"}
{"level":"\u001b[32minfo\u001b[39m","message":"{\"method\":\"OPTIONS\",\"url\":\"/api/teacher/login\",\"status\":\"204\",\"responseTime\":\"5.291\"}","timestamp":"2024-08-29T18:27:05.804Z"}
{"level":"\u001b[32minfo\u001b[39m","message":"{\"method\":\"POST\",\"url\":\"/api/teacher/login\",\"status\":\"200\",\"responseTime\":\"421.188\"}","timestamp":"2024-08-29T18:27:06.233Z"}
{"level":"\u001b[32minfo\u001b[39m","message":"{\"method\":\"OPTIONS\",\"url\":\"/api/teacher/login\",\"status\":\"204\",\"responseTime\":\"1.808\"}","timestamp":"2024-08-29T18:41:01.386Z"}
{"level":"\u001b[32minfo\u001b[39m","message":"{\"method\":\"POST\",\"url\":\"/api/teacher/login\",\"status\":\"400\",\"responseTime\":\"1253.840\"}","timestamp":"2024-08-29T18:41:02.644Z"}
{"level":"\u001b[32minfo\u001b[39m","message":"{\"method\":\"OPTIONS\",\"url\":\"/api/student/login\",\"status\":\"204\",\"responseTime\":\"2.852\"}","timestamp":"2024-08-30T10:15:04.432Z"}
{"level":"\u001b[32minfo\u001b[39m","message":"{\"method\":\"POST\",\"url\":\"/api/student/login\",\"status\":\"200\",\"responseTime\":\"477.244\"}","timestamp":"2024-08-30T10:15:04.917Z"}
{"level":"\u001b[32minfo\u001b[39m","message":"{\"method\":\"OPTIONS\",\"url\":\"/api/student/login\",\"status\":\"204\",\"responseTime\":\"5.822\"}","timestamp":"2024-08-30T10:43:13.109Z"}
{"level":"\u001b[32minfo\u001b[39m","message":"{\"method\":\"POST\",\"url\":\"/api/student/login\",\"status\":\"200\",\"responseTime\":\"543.752\"}","timestamp":"2024-08-30T10:43:13.668Z"}
{"level":"\u001b[32minfo\u001b[39m","message":"{\"method\":\"OPTIONS\",\"url\":\"/api/teacher/login\",\"status\":\"204\",\"responseTime\":\"3.957\"}","timestamp":"2024-08-30T10:51:39.707Z"}
{"level":"\u001b[32minfo\u001b[39m","message":"{\"method\":\"POST\",\"url\":\"/api/teacher/login\",\"status\":\"400\",\"responseTime\":\"374.178\"}","timestamp":"2024-08-30T10:51:40.091Z"}
{"level":"\u001b[32minfo\u001b[39m","message":"{\"method\":\"OPTIONS\",\"url\":\"/api/teacher/login\",\"status\":\"204\",\"responseTime\":\"3.227\"}","timestamp":"2024-08-30T11:28:21.389Z"}
{"level":"\u001b[32minfo\u001b[39m","message":"{\"method\":\"POST\",\"url\":\"/api/teacher/login\",\"status\":\"400\",\"responseTime\":\"426.521\"}","timestamp":"2024-08-30T11:28:21.825Z"}
{"level":"\u001b[32minfo\u001b[39m","message":"{\"method\":\"OPTIONS\",\"url\":\"/api/teacher/login\",\"status\":\"204\",\"responseTime\":\"4.086\"}","timestamp":"2024-08-30T11:32:48.649Z"}
{"level":"\u001b[32minfo\u001b[39m","message":"{\"method\":\"POST\",\"url\":\"/api/teacher/login\",\"status\":\"400\",\"responseTime\":\"548.053\"}","timestamp":"2024-08-30T11:32:49.206Z"}
{"level":"\u001b[32minfo\u001b[39m","message":"{\"method\":\"OPTIONS\",\"url\":\"/api/teacher/login\",\"status\":\"204\",\"responseTime\":\"0.443\"}","timestamp":"2024-08-30T11:33:07.316Z"}
{"level":"\u001b[32minfo\u001b[39m","message":"{\"method\":\"POST\",\"url\":\"/api/teacher/login\",\"status\":\"400\",\"responseTime\":\"350.661\"}","timestamp":"2024-08-30T11:33:07.670Z"}
{"level":"\u001b[32minfo\u001b[39m","message":"{\"method\":\"OPTIONS\",\"url\":\"/api/student/login\",\"status\":\"204\",\"responseTime\":\"0.498\"}","timestamp":"2024-08-30T11:33:29.598Z"}
{"level":"\u001b[32minfo\u001b[39m","message":"{\"method\":\"POST\",\"url\":\"/api/student/login\",\"status\":\"200\",\"responseTime\":\"391.735\"}","timestamp":"2024-08-30T11:33:29.995Z"}
{"level":"\u001b[32minfo\u001b[39m","message":"{\"method\":\"OPTIONS\",\"url\":\"/api/teacher/login\",\"status\":\"204\",\"responseTime\":\"0.431\"}","timestamp":"2024-08-30T11:33:47.348Z"}
{"level":"\u001b[32minfo\u001b[39m","message":"{\"method\":\"POST\",\"url\":\"/api/teacher/login\",\"status\":\"200\",\"responseTime\":\"394.537\"}","timestamp":"2024-08-30T11:33:47.747Z"}
{"level":"\u001b[32minfo\u001b[39m","message":"{\"method\":\"OPTIONS\",\"url\":\"/api/teacher/login\",\"status\":\"204\",\"responseTime\":\"3.712\"}","timestamp":"2024-08-30T17:19:19.234Z"}
{"level":"\u001b[32minfo\u001b[39m","message":"{\"method\":\"POST\",\"url\":\"/api/teacher/login\",\"status\":\"200\",\"responseTime\":\"396.657\"}","timestamp":"2024-08-30T17:19:19.638Z"}
{"level":"\u001b[32minfo\u001b[39m","message":"{\"method\":\"OPTIONS\",\"url\":\"/api/teacher/login\",\"status\":\"204\",\"responseTime\":\"2.877\"}","timestamp":"2024-08-30T17:23:14.858Z"}
{"level":"\u001b[32minfo\u001b[39m","message":"{\"method\":\"POST\",\"url\":\"/api/teacher/login\",\"status\":\"200\",\"responseTime\":\"417.194\"}","timestamp":"2024-08-30T17:23:15.281Z"}
{"level":"\u001b[32minfo\u001b[39m","message":"{\"method\":\"OPTIONS\",\"url\":\"/api/teacher/login\",\"status\":\"204\",\"responseTime\":\"3.869\"}","timestamp":"2024-08-30T17:30:10.469Z"}
{"level":"\u001b[32minfo\u001b[39m","message":"{\"method\":\"POST\",\"url\":\"/api/teacher/login\",\"status\":\"200\",\"responseTime\":\"457.511\"}","timestamp":"2024-08-30T17:30:10.933Z"}
{"level":"\u001b[32minfo\u001b[39m","message":"{\"method\":\"OPTIONS\",\"url\":\"/api/student/login\",\"status\":\"204\",\"responseTime\":\"2.513\"}","timestamp":"2024-08-30T17:33:09.494Z"}
{"level":"\u001b[32minfo\u001b[39m","message":"{\"method\":\"POST\",\"url\":\"/api/student/login\",\"status\":\"200\",\"responseTime\":\"362.437\"}","timestamp":"2024-08-30T17:33:09.862Z"}
{"level":"\u001b[32minfo\u001b[39m","message":"{\"method\":\"POST\",\"url\":\"/api/teacher/course/66cc9db2aba73b79043c5628\",\"status\":\"201\",\"responseTime\":\"1827.459\"}","timestamp":"2024-08-30T19:02:24.127Z"}
{"level":"\u001b[32minfo\u001b[39m","message":"{\"method\":\"OPTIONS\",\"url\":\"/api/teacher/course/66ccb64cf437e059b79bb572\",\"status\":\"204\",\"responseTime\":\"2.899\"}","timestamp":"2024-08-30T19:26:52.319Z"}
{"level":"\u001b[32minfo\u001b[39m","message":"{\"method\":\"POST\",\"url\":\"/api/teacher/course/66ccb64cf437e059b79bb572\",\"status\":\"403\",\"responseTime\":\"50.940\"}","timestamp":"2024-08-30T19:26:52.381Z"}
{"level":"\u001b[32minfo\u001b[39m","message":"{\"method\":\"OPTIONS\",\"url\":\"/api/teacher/course/66ccb64cf437e059b79bb572\",\"status\":\"204\",\"responseTime\":\"1.858\"}","timestamp":"2024-08-30T19:28:33.084Z"}
{"level":"\u001b[32minfo\u001b[39m","message":"{\"method\":\"POST\",\"url\":\"/api/teacher/course/66ccb64cf437e059b79bb572\",\"status\":\"403\",\"responseTime\":\"7.510\"}","timestamp":"2024-08-30T19:28:33.103Z"}
{"level":"\u001b[32minfo\u001b[39m","message":"{\"method\":\"POST\",\"url\":\"/api/teacher/course/66ccb64cf437e059b79bb572\",\"status\":\"403\",\"responseTime\":\"9.625\"}","timestamp":"2024-08-30T19:32:05.861Z"}
{"level":"\u001b[32minfo\u001b[39m","message":"{\"method\":\"OPTIONS\",\"url\":\"/api/teacher/login\",\"status\":\"204\",\"responseTime\":\"4.316\"}","timestamp":"2024-08-30T19:33:52.282Z"}
{"level":"\u001b[32minfo\u001b[39m","message":"{\"method\":\"POST\",\"url\":\"/api/teacher/login\",\"status\":\"200\",\"responseTime\":\"875.410\"}","timestamp":"2024-08-30T19:33:53.262Z"}
{"level":"\u001b[32minfo\u001b[39m","message":"{\"method\":\"POST\",\"url\":\"/api/teacher/course/66cc9db2aba73b79043c5628\",\"status\":\"403\",\"responseTime\":\"22.156\"}","timestamp":"2024-08-30T19:35:12.861Z"}
{"level":"\u001b[32minfo\u001b[39m","message":"{\"method\":\"POST\",\"url\":\"/api/teacher/course/66cc9db2aba73b79043c5628\",\"status\":\"403\",\"responseTime\":\"10.094\"}","timestamp":"2024-08-30T19:41:08.935Z"}
{"level":"\u001b[32minfo\u001b[39m","message":"{\"method\":\"POST\",\"url\":\"/api/teacher/course/66cc9db2aba73b79043c5628\",\"status\":\"403\",\"responseTime\":\"3.374\"}","timestamp":"2024-08-30T19:54:08.788Z"}
{"level":"\u001b[32minfo\u001b[39m","message":"{\"method\":\"OPTIONS\",\"url\":\"/api/teacher/login\",\"status\":\"204\",\"responseTime\":\"1.373\"}","timestamp":"2024-08-30T19:54:44.464Z"}
{"level":"\u001b[32minfo\u001b[39m","message":"{\"method\":\"POST\",\"url\":\"/api/teacher/login\",\"status\":\"400\",\"responseTime\":\"277.543\"}","timestamp":"2024-08-30T19:54:44.748Z"}
{"level":"\u001b[32minfo\u001b[39m","message":"{\"method\":\"OPTIONS\",\"url\":\"/api/teacher/login\",\"status\":\"204\",\"responseTime\":\"0.514\"}","timestamp":"2024-08-30T19:55:55.202Z"}
{"level":"\u001b[32minfo\u001b[39m","message":"{\"method\":\"POST\",\"url\":\"/api/teacher/login\",\"status\":\"200\",\"responseTime\":\"332.966\"}","timestamp":"2024-08-30T19:55:55.539Z"}
{"level":"\u001b[32minfo\u001b[39m","message":"{\"method\":\"POST\",\"url\":\"/api/teacher/course/66cc9db2aba73b79043c5628\",\"status\":\"403\",\"responseTime\":\"0.684\"}","timestamp":"2024-08-30T19:56:15.966Z"}
{"level":"\u001b[32minfo\u001b[39m","message":"{\"method\":\"POST\",\"url\":\"/api/teacher/course/66cc9db2aba73b79043c5628\",\"status\":\"201\",\"responseTime\":\"390.088\"}","timestamp":"2024-08-30T19:58:44.210Z"}
{"level":"\u001b[32minfo\u001b[39m","message":"{\"method\":\"POST\",\"url\":\"/api/teacher/course/66cc9db2aba73b79043c5628\",\"status\":\"201\",\"responseTime\":\"328.511\"}","timestamp":"2024-08-30T20:00:19.646Z"}
{"level":"\u001b[32minfo\u001b[39m","message":"{\"method\":\"OPTIONS\",\"url\":\"/api/teacher/course/66cc9db2aba73b79043c5628\",\"status\":\"204\",\"responseTime\":\"3.836\"}","timestamp":"2024-08-30T20:08:29.797Z"}
{"level":"\u001b[32minfo\u001b[39m","message":"{\"method\":\"POST\",\"url\":\"/api/teacher/course/66cc9db2aba73b79043c5628\",\"status\":\"500\",\"responseTime\":\"117.986\"}","timestamp":"2024-08-30T20:08:29.957Z"}
{"level":"\u001b[32minfo\u001b[39m","message":"{\"method\":\"OPTIONS\",\"url\":\"/api/teacher/course/66cc9db2aba73b79043c5628\",\"status\":\"204\",\"responseTime\":\"0.306\"}","timestamp":"2024-08-30T20:10:04.287Z"}
{"level":"\u001b[32minfo\u001b[39m","message":"{\"method\":\"POST\",\"url\":\"/api/teacher/course/66cc9db2aba73b79043c5628\",\"status\":\"500\",\"responseTime\":\"8.589\"}","timestamp":"2024-08-30T20:10:04.303Z"}
{"level":"\u001b[32minfo\u001b[39m","message":"{\"method\":\"OPTIONS\",\"url\":\"/api/teacher/course/66cc9db2aba73b79043c5628\",\"status\":\"204\",\"responseTime\":\"3.508\"}","timestamp":"2024-08-30T20:13:25.356Z"}
{"level":"\u001b[32minfo\u001b[39m","message":"{\"method\":\"POST\",\"url\":\"/api/teacher/course/66cc9db2aba73b79043c5628\",\"status\":\"500\",\"responseTime\":\"51.996\"}","timestamp":"2024-08-30T20:13:25.419Z"}
{"level":"\u001b[32minfo\u001b[39m","message":"{\"method\":\"OPTIONS\",\"url\":\"/api/teacher/course/66cc9db2aba73b79043c5628\",\"status\":\"204\",\"responseTime\":\"0.217\"}","timestamp":"2024-08-30T20:14:58.356Z"}
{"level":"\u001b[32minfo\u001b[39m","message":"{\"method\":\"POST\",\"url\":\"/api/teacher/course/66cc9db2aba73b79043c5628\",\"status\":\"500\",\"responseTime\":\"2.790\"}","timestamp":"2024-08-30T20:14:58.362Z"}
{"level":"\u001b[32minfo\u001b[39m","message":"{\"method\":\"OPTIONS\",\"url\":\"/api/teacher/course/66cc9db2aba73b79043c5628\",\"status\":\"204\",\"responseTime\":\"0.312\"}","timestamp":"2024-08-30T20:15:54.736Z"}
{"level":"\u001b[32minfo\u001b[39m","message":"{\"method\":\"POST\",\"url\":\"/api/teacher/course/66cc9db2aba73b79043c5628\",\"status\":\"500\",\"responseTime\":\"32.315\"}","timestamp":"2024-08-30T20:15:54.774Z"}
{"level":"\u001b[32minfo\u001b[39m","message":"{\"method\":\"OPTIONS\",\"url\":\"/api/teacher/course/66cc9db2aba73b79043c5628\",\"status\":\"204\",\"responseTime\":\"1.848\"}","timestamp":"2024-08-30T20:17:00.022Z"}
{"level":"\u001b[32minfo\u001b[39m","message":"{\"method\":\"POST\",\"url\":\"/api/teacher/course/66cc9db2aba73b79043c5628\",\"status\":\"500\",\"responseTime\":\"15.483\"}","timestamp":"2024-08-30T20:17:00.041Z"}
{"level":"\u001b[32minfo\u001b[39m","message":"{\"method\":\"OPTIONS\",\"url\":\"/api/teacher/course/66cc9db2aba73b79043c5628\",\"status\":\"204\",\"responseTime\":\"1.511\"}","timestamp":"2024-08-30T20:21:52.807Z"}
{"level":"\u001b[32minfo\u001b[39m","message":"{\"method\":\"POST\",\"url\":\"/api/teacher/course/66cc9db2aba73b79043c5628\",\"status\":\"500\",\"responseTime\":\"30.691\"}","timestamp":"2024-08-30T20:21:52.846Z"}
{"level":"\u001b[32minfo\u001b[39m","message":"{\"method\":\"OPTIONS\",\"url\":\"/api/teacher/course/66cc9db2aba73b79043c5628\",\"status\":\"204\",\"responseTime\":\"7.089\"}","timestamp":"2024-08-30T20:27:07.378Z"}
{"level":"\u001b[32minfo\u001b[39m","message":"{\"method\":\"POST\",\"url\":\"/api/teacher/course/66cc9db2aba73b79043c5628\",\"status\":\"400\",\"responseTime\":\"99.071\"}","timestamp":"2024-08-30T20:27:07.489Z"}
{"level":"\u001b[32minfo\u001b[39m","message":"{\"method\":\"OPTIONS\",\"url\":\"/api/teacher/course/66cc9db2aba73b79043c5628\",\"status\":\"204\",\"responseTime\":\"1.083\"}","timestamp":"2024-08-30T20:36:04.039Z"}
{"level":"\u001b[32minfo\u001b[39m","message":"{\"method\":\"POST\",\"url\":\"/api/teacher/course/66cc9db2aba73b79043c5628\",\"status\":\"201\",\"responseTime\":\"310.795\"}","timestamp":"2024-08-30T20:36:04.355Z"}
{"level":"\u001b[32minfo\u001b[39m","message":"{\"method\":\"OPTIONS\",\"url\":\"/api/teacher/course/66cc9db2aba73b79043c5628\",\"status\":\"204\",\"responseTime\":\"0.440\"}","timestamp":"2024-08-30T20:36:34.842Z"}
{"level":"\u001b[32minfo\u001b[39m","message":"{\"method\":\"POST\",\"url\":\"/api/teacher/course/66cc9db2aba73b79043c5628\",\"status\":\"201\",\"responseTime\":\"354.479\"}","timestamp":"2024-08-30T20:36:35.200Z"}
